make all --print-data-base --no-builtin-variables --no-builtin-rules --question
# GNU Make 3.81
# Copyright (C) 2006  Free Software Foundation, Inc.
# This is free software; see the source for copying conditions.
# There is NO warranty; not even for MERCHANTABILITY or FITNESS FOR A
# PARTICULAR PURPOSE.

# This program built for i386-apple-darwin11.3.0
 

# Make data base, printed on Sun Nov 10 07:37:41 2024

# Variables

# automatic
<D = $(patsubst %/,%,$(dir $<))
# automatic
?F = $(notdir $?)
# makefile (from `Makefile', line 19)
OBJ = $(SRC:.c=.o)
# environment
VSCODE_CRASH_REPORTER_PROCESS_TYPE = extensionHost
# makefile (from `Makefile', line 15)
SRC = philosofers.c initialisation.c safesyscall.c tools.c tools1.c tools3.c tools2.c routine.c
# automatic
?D = $(patsubst %/,%,$(dir $?))
# automatic
@D = $(patsubst %/,%,$(dir $@))
# automatic
@F = $(notdir $@)
# makefile
CURDIR := /Users/mes-salh/Desktop/philos
# makefile
SHELL = /bin/sh
# environment
VSCODE_NLS_CONFIG = {"locale":"en-us","osLocale":"en","availableLanguages":{},"_languagePackSupport":true}
# environment
_ = /usr/bin/make
# makefile (from `Makefile', line 21)
CFLAGS = -Wall -Wextra -Werror 
# makefile (from `Makefile', line 1)
MAKEFILE_LIST :=  Makefile
# makefile (from `Makefile', line 23)
TFLAGS = -pthread
# environment
VSCODE_CWD = /
# environment
PATH = /usr/local/bin:/usr/bin:/bin:/usr/sbin:/sbin:/usr/local/munki:/Library/Apple/usr/bin
# environment
LSCOLORS = Gxfxcxdxbxegedabagacad
# environment
ELECTRON_RUN_AS_NODE = 1
# default
.FEATURES := target-specific order-only second-expansion else-if archives jobserver check-symlink
# environment
LS_COLORS = di=1;36:ln=35:so=32:pi=33:ex=31:bd=34;46:cd=34;43:su=30;41:sg=30;46:tw=30;42:ow=30;43
# environment
SSH_AUTH_SOCK = /private/tmp/com.apple.launchd.0MqSspaMQQ/Listeners
# automatic
%F = $(notdir $%)
# environment
PWD = /Users/mes-salh/Desktop/philos
# environment
ORIGINAL_XDG_CURRENT_DESKTOP = undefined
# environment
VSCODE_AMD_ENTRYPOINT = vs/workbench/api/node/extensionHostProcess
# environment
HOME = /Users/mes-salh
# default
MAKEFILEPATH := /Applications/Xcode.app/Contents/Developer/Makefiles
# environment
VSCODE_CODE_CACHE_PATH = /Users/mes-salh/Library/Application Support/Code/CachedData/dc96b837cf6bb4af9cd736aa3af08cf8279f7685
# environment
LOGNAME = mes-salh
# environment
APPLICATION_INSIGHTS_NO_DIAGNOSTIC_CHANNEL = true
# environment
ZSH = /Users/mes-salh/.oh-my-zsh
# environment
VSCODE_HANDLES_UNCAUGHT_ERRORS = true
# automatic
^D = $(patsubst %/,%,$(dir $^))
# environment
XPC_FLAGS = 0x0
# environment
COLORTERM = truecolor
# default
MAKE = $(MAKE_COMMAND)
# environment
LC_TERMINAL = iTerm2
# environment
SHLVL = 2
# default
MAKE_VERSION := 3.81
# environment
USER = mes-salh
# makefile
 
.DEFAULT_GOAL := all
# default
MAKECMDGOALS := all
# environment
TERM_SESSION_ID = w0t0p0:EF3D0DF0-08AD-421A-A22F-8DC537A864EF
# makefile (from `Makefile', line 13)
NAME = philo
# environment
LESS = -R
# automatic
%D = $(patsubst %/,%,$(dir $%))
# default
MAKE_COMMAND := /Applications/Xcode.app/Contents/Developer/usr/bin/make
# environment
TERM_PROGRAM = iTerm.app
# default
.VARIABLES := 
# environment
TMPDIR = /var/folders/zz/zyxvpxvq6csfxvn_n000cm0h003504/T/
# automatic
*F = $(notdir $*)
# environment
VSCODE_IPC_HOOK = /Users/mes-salh/Library/Application Support/Code/1.89-main.sock
# environment
MallocNanoZone = 0
# makefile
MAKEFLAGS = Rrqp
# environment
MFLAGS = -Rrqp
# automatic
*D = $(patsubst %/,%,$(dir $*))
# environment
TERM_PROGRAM_VERSION = 3.4.13
# environment
XPC_SERVICE_NAME = com.microsoft.VSCode.2764
# environment
LC_TERMINAL_VERSION = 3.4.13
# automatic
+D = $(patsubst %/,%,$(dir $+))
# environment
VSCODE_L10N_BUNDLE_LOCATION = 
# automatic
+F = $(notdir $+)
# environment
ITERM_SESSION_ID = w0t0p0:EF3D0DF0-08AD-421A-A22F-8DC537A864EF
# environment
COLORFGBG = 7;0
# environment
__CF_USER_TEXT_ENCODING = 0x19404:0x0:0x0
# default
MAKEFILES := 
# automatic
<F = $(notdir $<)
# environment
ITERM_PROFILE = Default
# environment
PAGER = less
# environment
LC_ALL = C
# makefile (from `Makefile', line 17)
HEADER = philosofers.h
# automatic
^F = $(notdir $^)
# default
SUFFIXES := 
# default
.INCLUDE_DIRS = /usr/local/include
# environment
MAKELEVEL := 0
# environment
LANG = C
# environment
TERM = xterm-256color
# environment
VSCODE_PID = 16404
# variable set hash-table stats:
# Load=79/1024=8%, Rehash=0, Collisions=6/113=5%

# Pattern-specific Variable Values

# No pattern-specific variable values.

# Directories

# . (device 16777225, inode 787696): 26 files, no impossibilities.

# 26 files, no impossibilities in 1 directories.

# Implicit Rules

%.o: %.c philosofers.h
#  commands to execute (from `Makefile', line 30):
	@$(CC) $(CFLAGS) -c $< -o $@ $(TFLAGS)
	

# 1 implicit rules, 0 (0.0%) terminal.

# Files

go: all clean
#  Implicit rule search has not been done.
#  Modification time never checked.
#  File has not been updated.

all: philo
#  Phony target (prerequisite of .PHONY).
#  Command-line target.
#  Implicit rule search has not been done.
#  File does not exist.
#  File has been updated.
#  Needs to be updated (-q is set).
# variable set hash-table stats:
# Load=0/32=0%, Rehash=0, Collisions=0/5=0%

philo: philosofers.o initialisation.o safesyscall.o tools.o tools1.o tools3.o tools2.o routine.o
#  Implicit rule search has not been done.
#  Last modified 2024-11-10 06:44:58
#  File has been updated.
#  Needs to be updated (-q is set).
# variable set hash-table stats:
# Load=0/32=0%, Rehash=0, Collisions=0/5=0%
#  commands to execute (from `Makefile', line 27):
	@$(CC) $(CFLAGS) -o $(NAME) $(OBJ) 
	

.PHONY: all clean fclean re
#  Implicit rule search has not been done.
#  Modification time never checked.
#  File has not been updated.

# Not a target:
tools1.o:
#  Implicit rule search has not been done.
#  Modification time never checked.
#  File has not been updated.

# Not a target:
.SUFFIXES:
#  Implicit rule search has not been done.
#  Modification time never checked.
#  File has not been updated.

# Not a target:
Makefile:
#  Implicit rule search has been done.
#  Last modified 2024-11-10 06:41:18
#  File has been updated.
#  Successfully updated.
# variable set hash-table stats:
# Load=0/32=0%, Rehash=0, Collisions=0/0=0%

philosofers.o: philosofers.c philosofers.h
#  Implicit rule search has been done.
#  Implicit/static pattern stem: `philosofers'
#  Last modified 2024-11-10 06:44:58
#  File has been updated.
#  Needs to be updated (-q is set).
# automatic
# @ := philosofers.o
# automatic
# % := 
# automatic
# * := philosofers
# automatic
# + := philosofers.c philosofers.h
# automatic
# | := 
# automatic
# < := philosofers.c
# automatic
# ^ := philosofers.c philosofers.h
# automatic
# ? := philosofers.c
# variable set hash-table stats:
# Load=8/32=25%, Rehash=0, Collisions=1/15=7%
#  commands to execute (from `Makefile', line 30):
	@$(CC) $(CFLAGS) -c $< -o $@ $(TFLAGS)
	

# Not a target:
tools2.o:
#  Implicit rule search has not been done.
#  Modification time never checked.
#  File has not been updated.

fclean: clean
#  Phony target (prerequisite of .PHONY).
#  Implicit rule search has not been done.
#  File does not exist.
#  File has not been updated.
#  commands to execute (from `Makefile', line 36):
	@rm -f $(NAME)
	

# Not a target:
initialisation.o:
#  Implicit rule search has not been done.
#  Modification time never checked.
#  File has not been updated.

# Not a target:
.DEFAULT:
#  Implicit rule search has not been done.
#  Modification time never checked.
#  File has not been updated.

re: fclean all
#  Phony target (prerequisite of .PHONY).
#  Implicit rule search has not been done.
#  File does not exist.
#  File has not been updated.

clean:
#  Phony target (prerequisite of .PHONY).
#  Implicit rule search has not been done.
#  File does not exist.
#  File has not been updated.
#  commands to execute (from `Makefile', line 33):
	@rm -f $(OBJ)
	

# Not a target:
philosofers.c:
#  Implicit rule search has been done.
#  Last modified 2024-11-10 06:45:35
#  File has been updated.
#  Successfully updated.
# variable set hash-table stats:
# Load=0/32=0%, Rehash=0, Collisions=0/0=0%

# Not a target:
routine.o:
#  Implicit rule search has not been done.
#  Modification time never checked.
#  File has not been updated.

# Not a target:
tools3.o:
#  Implicit rule search has not been done.
#  Modification time never checked.
#  File has not been updated.

# Not a target:
philosofers.h:
#  Implicit rule search has been done.
#  Last modified 2024-11-10 06:28:18
#  File has been updated.
#  Successfully updated.
# variable set hash-table stats:
# Load=0/32=0%, Rehash=0, Collisions=0/0=0%

# Not a target:
safesyscall.o:
#  Implicit rule search has not been done.
#  Modification time never checked.
#  File has not been updated.

# Not a target:
tools.o:
#  Implicit rule search has not been done.
#  Modification time never checked.
#  File has not been updated.

# files hash-table stats:
# Load=20/1024=2%, Rehash=0, Collisions=2/56=4%
# VPATH Search Paths

# No `vpath' search paths.

# No general (`VPATH' variable) search path.

# # of strings in strcache: 1
# # of strcache buffers: 1
# strcache size: total = 4096 / max = 4096 / min = 4096 / avg = 4096
# strcache free: total = 4087 / max = 4087 / min = 4087 / avg = 4087

# Finished Make data base on Sun Nov 10 07:37:41 2024

 
